<?xml version="1.0" encoding="UTF-8"?>
<testng-results skipped="0" failed="0" ignored="0" total="1" passed="1">
  <reporter-output>
  </reporter-output>
  <suite name="Default suite" duration-ms="7105" started-at="2022-04-30T13:56:08Z" finished-at="2022-04-30T13:56:15Z">
    <groups>
    </groups>
    <test name="Default test" duration-ms="7105" started-at="2022-04-30T13:56:08Z" finished-at="2022-04-30T13:56:15Z">
      <class name="apractice.a1">
        <test-method status="PASS" signature="river()[pri:0, instance:apractice.a1@62ee68d8]" name="river" duration-ms="7057" started-at="2022-04-30T19:26:08Z" finished-at="2022-04-30T19:26:15Z">
          <reporter-output>
          </reporter-output>
        </test-method> <!-- river -->
      </class> <!-- apractice.a1 -->
    </test> <!-- Default test -->
  </suite> <!-- Default suite -->
</testng-results>
